013 018 020 023 050 051
starting with options 2 0 0 0 LOCK_STEP
0: node2
0: headnode
0: akka {
0:   actor {
0:     provider = remote
0:     guardian-supervisor-strategy = CustomSupervisorStrategyConfigurator
0:     enable-additional-serialization-bindings = on
0:   }
0:   remote {
0:     enabled-transports = ["akka.remote.netty.tcp"]
0:     netty.tcp {
0:       hostname = "0.0.0.0"
0:       port = 2552
0:     }
0:  }
0: }
0: 
0: akka {
0:   actor {
0:     provider = remote
0:     guardian-supervisor-strategy = CustomSupervisorStrategyConfigurator
0:     enable-additional-serialization-bindings = on
0:   }
0:   remote {
0:     enabled-transports = ["akka.remote.netty.tcp"]
0:     netty.tcp {
0:       hostname = "node2"
0:       port = 2552
0:     }
0:  }
0: }
0: 
3: workerNode
2: workerNode
1: workerNode
0: Starting a Gradle Daemon, 16 busy and 1 incompatible and 2 stopped Daemons could not be reused, use --status for details
0: > Task :Shared:compileJava UP-TO-DATE
0: > Task :Shared:processResources NO-SOURCE
0: > Task :Shared:classes UP-TO-DATE
0: > Task :Shared:jar UP-TO-DATE
0: > Task :Client:compileJava UP-TO-DATE
0: > Task :Client:processResources UP-TO-DATE
0: > Task :Client:classes UP-TO-DATE
0: > Task :Client:jar UP-TO-DATE
0: > Task :WorkerNode:compileJava UP-TO-DATE
0: > Task :WorkerNode:processResources UP-TO-DATE
0: > Task :WorkerNode:classes UP-TO-DATE
0: > Task :WorkerNode:jar UP-TO-DATE
0: > Task :HeadNode:compileJava UP-TO-DATE
0: > Task :HeadNode:processResources
0: > Task :HeadNode:classes
0: > Task :HeadNode:jar
0: > Task :HeadNode:startScripts UP-TO-DATE
0: > Task :HeadNode:distTar
0: > Task :HeadNode:distZip
0: > Task :HeadNode:assemble
0: > Task :HeadNode:compileTestJava NO-SOURCE
0: > Task :HeadNode:processTestResources NO-SOURCE
0: > Task :HeadNode:testClasses UP-TO-DATE
0: > Task :HeadNode:test NO-SOURCE
0: > Task :HeadNode:check UP-TO-DATE
0: > Task :HeadNode:build
0: 
0: BUILD SUCCESSFUL in 6s
0: 14 actionable tasks: 4 executed, 10 up-to-date
0: > Task :Shared:compileJava UP-TO-DATE
0: > Task :Shared:processResources NO-SOURCE
0: > Task :Shared:classes UP-TO-DATE
0: > Task :Shared:jar UP-TO-DATE
0: > Task :Client:compileJava UP-TO-DATE
0: > Task :Client:processResources UP-TO-DATE
0: > Task :Client:classes UP-TO-DATE
0: > Task :Client:jar UP-TO-DATE
0: > Task :WorkerNode:compileJava UP-TO-DATE
0: > Task :WorkerNode:processResources UP-TO-DATE
0: > Task :WorkerNode:classes UP-TO-DATE
0: > Task :WorkerNode:jar UP-TO-DATE
0: > Task :HeadNode:compileJava UP-TO-DATE
0: > Task :HeadNode:processResources UP-TO-DATE
0: > Task :HeadNode:classes UP-TO-DATE
0: > Task :HeadNode:jar UP-TO-DATE
0: > Task :HeadNode:startScripts UP-TO-DATE
0: > Task :HeadNode:installDist
0: 
0: BUILD SUCCESSFUL in 1s
0: 13 actionable tasks: 1 executed, 12 up-to-date
0: Usage: NUMBER_OF_DUPLICATIONS RATE_OF_STOP_FAILURES RATE_OF_SILENT_FAILURES RATE_OF_BYZANTINE_FAILURES POLICY{LOCK_STEP, MAXIMIZE, SAME_MACHINE}
0: Using LOCK_STEP
0: [INFO] [12/17/2018 16:53:20.143] [main] [akka.remote.Remoting] Starting remoting
0: Exception in thread "main" java.net.UnknownHostException: node2: Name or service not known
0: 	at java.net.Inet6AddressImpl.lookupAllHostAddr(Native Method)
0: 	at java.net.InetAddress$2.lookupAllHostAddr(InetAddress.java:928)
0: 	at java.net.InetAddress.getAddressesFromNameService(InetAddress.java:1323)
0: 	at java.net.InetAddress.getAllByName0(InetAddress.java:1276)
0: 	at java.net.InetAddress.getAllByName(InetAddress.java:1192)
0: 	at java.net.InetAddress.getAllByName(InetAddress.java:1126)
0: 	at java.net.InetAddress.getByName(InetAddress.java:1076)
0: 	at akka.remote.transport.netty.NettyTransport.$anonfun$addressToSocketAddress$2(NettyTransport.scala:454)
0: 	at akka.dispatch.MonitorableThreadFactory$AkkaForkJoinWorkerThread$$anon$3.block(ThreadPoolBuilder.scala:167)
0: 	at akka.dispatch.forkjoin.ForkJoinPool.managedBlock(ForkJoinPool.java:3641)
0: 	at akka.dispatch.MonitorableThreadFactory$AkkaForkJoinWorkerThread.blockOn(ThreadPoolBuilder.scala:165)
0: [ERROR] [12/17/2018 16:53:20.292] [main] [akka.remote.Remoting] Remoting error: [Startup failed] [
0: akka.remote.RemoteTransportException: Startup failed
0: 	at akka.remote.Remoting.akka$remote$Remoting$$notifyError(Remoting.scala:148)
0: 	at akka.remote.Remoting.start(Remoting.scala:214)
0: 	at akka.remote.RemoteActorRefProvider.init(RemoteActorRefProvider.scala:222)
0: 	at akka.actor.ActorSystemImpl.liftedTree2$1(ActorSystem.scala:868)
0: 	at akka.actor.ActorSystemImpl._start$lzycompute(ActorSystem.scala:864)
0: 	at akka.actor.ActorSystemImpl._start(ActorSystem.scala:864)
0: 	at akka.actor.ActorSystemImpl.start(ActorSystem.scala:885)
0: 	at akka.actor.ActorSystem$.apply(ActorSystem.scala:246)
0: 	at akka.actor.ActorSystem$.apply(ActorSystem.scala:289)
0: 	at akka.actor.ActorSystem$.apply(ActorSystem.scala:234)
0: 	at akka.actor.ActorSystem$.create(ActorSystem.scala:169)
0: 	at akka.actor.ActorSystem.create(ActorSystem.scala)
0: 	at SpawnHeadNodes.main(SpawnHeadNodes.java:24)
0: Caused by: java.net.UnknownHostException: node2: Name or service not known
0: 	at java.net.Inet6AddressImpl.lookupAllHostAddr(Native Method)
0: 	at java.net.InetAddress$2.lookupAllHostAddr(InetAddress.java:928)
0: 	at java.net.InetAddress.getAddressesFromNameService(InetAddress.java:1323)
0: 	at java.net.InetAddress.getAllByName0(InetAddress.java:1276)
0: 	at java.net.InetAddress.getAllByName(InetAddress.java:1192)
0: 	at java.net.InetAddress.getAllByName(InetAddress.java:1126)
0: 	at java.net.InetAddress.getByName(InetAddress.java:1076)
0: 	at akka.remote.transport.netty.NettyTransport.$anonfun$addressToSocketAddress$2(NettyTransport.scala:454)
0: 	at akka.dispatch.MonitorableThreadFactory$AkkaForkJoinWorkerThread$$anon$3.block(ThreadPoolBuilder.scala:167)
0: 	at akka.dispatch.forkjoin.ForkJoinPool.managedBlock(ForkJoinPool.java:3641)
0: 	at akka.dispatch.MonitorableThreadFactory$AkkaForkJoinWorkerThread.blockOn(ThreadPoolBuilder.scala:165)
0: 	at akka.dispatch.BatchingExecutor$BlockableBatch.blockOn(BatchingExecutor.scala:106)
0: 	at scala.concurrent.package$.blocking(package.scala:142)
0: 	at akka.remote.transport.netty.NettyTransport.$anonfun$addressToSocketAddress$1(NettyTransport.scala:454)
0: 	at scala.concurrent.Future$.$anonfun$apply$1(Future.scala:654)
0: 	at scala.util.Success.$anonfun$map$1(Try.scala:251)
0: 	at scala.util.Success.map(Try.scala:209)
0: 	at scala.concurrent.Future.$anonfun$map$1(Future.scala:288)
0: 	at scala.concurrent.impl.Promise.liftedTree1$1(Promise.scala:29)
0: 	at scala.concurrent.impl.Promise.$anonfun$transform$1(Promise.scala:29)
0: 	at scala.concurrent.impl.CallbackRunnable.run(Promise.scala:60)
0: 	at akka.dispatch.BatchingExecutor$AbstractBatch.processBatch(BatchingExecutor.scala:55)
0: 	at akka.dispatch.BatchingExecutor$BlockableBatch.$anonfun$run$1(BatchingExecutor.scala:91)
0: 	at scala.runtime.java8.JFunction0$mcV$sp.apply(JFunction0$mcV$sp.java:12)
0: 	at scala.concurrent.BlockContext$.withBlockContext(BlockContext.scala:81)
0: 	at akka.dispatch.BatchingExecutor$BlockableBatch.run(BatchingExecutor.scala:91)
0: 	at akka.dispatch.TaskInvocation.run(AbstractDispatcher.scala:40)
0: 	at akka.dispatch.ForkJoinExecutorConfigurator$AkkaForkJoinTask.exec(ForkJoinExecutorConfigurator.scala:44)
0: 	at akka.dispatch.forkjoin.ForkJoinTask.doExec(ForkJoinTask.java:260)
0: 	at akka.dispatch.forkjoin.ForkJoinPool$WorkQueue.runTask(ForkJoinPool.java:1339)
0: 	at akka.dispatch.forkjoin.ForkJoinPool.runWorker(ForkJoinPool.java:1979)
0: 	at akka.dispatch.forkjoin.ForkJoinWorkerThread.run(ForkJoinWorkerThread.java:107)
0: ]
0: 	at akka.dispatch.BatchingExecutor$BlockableBatch.blockOn(BatchingExecutor.scala:106)
0: 	at scala.concurrent.package$.blocking(package.scala:142)
0: 	at akka.remote.transport.netty.NettyTransport.$anonfun$addressToSocketAddress$1(NettyTransport.scala:454)
0: 	at scala.concurrent.Future$.$anonfun$apply$1(Future.scala:654)
0: 	at scala.util.Success.$anonfun$map$1(Try.scala:251)
0: 	at scala.util.Success.map(Try.scala:209)
0: 	at scala.concurrent.Future.$anonfun$map$1(Future.scala:288)
0: 	at scala.concurrent.impl.Promise.liftedTree1$1(Promise.scala:29)
0: 	at scala.concurrent.impl.Promise.$anonfun$transform$1(Promise.scala:29)
0: 	at scala.concurrent.impl.CallbackRunnable.run(Promise.scala:60)
0: 	at akka.dispatch.BatchingExecutor$AbstractBatch.processBatch(BatchingExecutor.scala:55)
0: 	at akka.dispatch.BatchingExecutor$BlockableBatch.$anonfun$run$1(BatchingExecutor.scala:91)
0: 	at scala.runtime.java8.JFunction0$mcV$sp.apply(JFunction0$mcV$sp.java:12)
0: 	at scala.concurrent.BlockContext$.withBlockContext(BlockContext.scala:81)
0: 	at akka.dispatch.BatchingExecutor$BlockableBatch.run(BatchingExecutor.scala:91)
0: 	at akka.dispatch.TaskInvocation.run(AbstractDispatcher.scala:40)
0: 	at akka.dispatch.ForkJoinExecutorConfigurator$AkkaForkJoinTask.exec(ForkJoinExecutorConfigurator.scala:44)
0: 	at akka.dispatch.forkjoin.ForkJoinTask.doExec(ForkJoinTask.java:260)
0: 	at akka.dispatch.forkjoin.ForkJoinPool$WorkQueue.runTask(ForkJoinPool.java:1339)
0: 	at akka.dispatch.forkjoin.ForkJoinPool.runWorker(ForkJoinPool.java:1979)
0: 	at akka.dispatch.forkjoin.ForkJoinWorkerThread.run(ForkJoinWorkerThread.java:107)
0: [INFO] [12/17/2018 16:53:20.309] [root-node-akka.remote.default-remote-dispatcher-6] [akka://root-node/system/remoting-terminator] Shutting down remote daemon.
0: [INFO] [12/17/2018 16:53:20.313] [root-node-akka.remote.default-remote-dispatcher-6] [akka://root-node/system/remoting-terminator] Remote daemon shut down; proceeding with flushing remote transports.
0: [INFO] [12/17/2018 16:53:20.317] [root-node-akka.actor.default-dispatcher-3] [akka.remote.Remoting] Remoting shut down
0: [ERROR] [12/17/2018 16:53:20.317] [root-node-akka.remote.default-remote-dispatcher-14] [akka.remote.Remoting] Remoting system has been terminated abrubtly. Attempting to shut down transports
0: [INFO] [12/17/2018 16:53:20.317] [root-node-akka.remote.default-remote-dispatcher-6] [akka://root-node/system/remoting-terminator] Remoting shut down.
3: [INFO] [12/17/2018 16:53:31.453] [main] [akka.remote.Remoting] Starting remoting
2: [INFO] [12/17/2018 16:53:31.477] [main] [akka.remote.Remoting] Starting remoting
1: [INFO] [12/17/2018 16:53:31.517] [main] [akka.remote.Remoting] Starting remoting
3: [INFO] [12/17/2018 16:53:31.643] [main] [akka.remote.Remoting] Remoting started; listening on addresses :[akka.tcp://root-node@0.0.0.0:2553]
3: [INFO] [12/17/2018 16:53:31.645] [main] [akka.remote.Remoting] Remoting now listens on addresses: [akka.tcp://root-node@0.0.0.0:2553]
2: [INFO] [12/17/2018 16:53:31.665] [main] [akka.remote.Remoting] Remoting started; listening on addresses :[akka.tcp://root-node@0.0.0.0:2553]
2: [INFO] [12/17/2018 16:53:31.666] [main] [akka.remote.Remoting] Remoting now listens on addresses: [akka.tcp://root-node@0.0.0.0:2553]
1: [INFO] [12/17/2018 16:53:31.705] [main] [akka.remote.Remoting] Remoting started; listening on addresses :[akka.tcp://root-node@0.0.0.0:2553]
1: [INFO] [12/17/2018 16:53:31.707] [main] [akka.remote.Remoting] Remoting now listens on addresses: [akka.tcp://root-node@0.0.0.0:2553]
3: [INFO] [12/17/2018 16:53:31.825] [root-node-akka.actor.default-dispatcher-4] [akka://root-node/user/workerId-0] Workernode created
3: [INFO] [12/17/2018 16:53:31.825] [root-node-akka.actor.default-dispatcher-3] [akka://root-node/user/workerId-1] Workernode created
3: [INFO] [12/17/2018 16:53:31.825] [root-node-akka.actor.default-dispatcher-15] [akka://root-node/user/workerId-2] Workernode created
3: [INFO] [12/17/2018 16:53:31.825] [root-node-akka.actor.default-dispatcher-17] [akka://root-node/user/workerId-4] Workernode created
3: [INFO] [12/17/2018 16:53:31.825] [root-node-akka.actor.default-dispatcher-16] [akka://root-node/user/workerId-3] Workernode created
3: [INFO] [12/17/2018 16:53:31.825] [root-node-akka.actor.default-dispatcher-20] [akka://root-node/user/workerId-5] Workernode created
3: [INFO] [12/17/2018 16:53:31.825] [root-node-akka.actor.default-dispatcher-18] [akka://root-node/user/workerId-7] Workernode created
3: [INFO] [12/17/2018 16:53:31.826] [root-node-akka.actor.default-dispatcher-2] [akka://root-node/user/workerId-6] Workernode created
2: [INFO] [12/17/2018 16:53:31.840] [root-node-akka.actor.default-dispatcher-16] [akka://root-node/user/workerId-3] Workernode created
2: [INFO] [12/17/2018 16:53:31.840] [root-node-akka.actor.default-dispatcher-19] [akka://root-node/user/workerId-6] Workernode created
2: [INFO] [12/17/2018 16:53:31.840] [root-node-akka.actor.default-dispatcher-15] [akka://root-node/user/workerId-2] Workernode created
2: [INFO] [12/17/2018 16:53:31.840] [root-node-akka.actor.default-dispatcher-4] [akka://root-node/user/workerId-1] Workernode created
2: [INFO] [12/17/2018 16:53:31.840] [root-node-akka.actor.default-dispatcher-3] [akka://root-node/user/workerId-0] Workernode created
2: [INFO] [12/17/2018 16:53:31.840] [root-node-akka.actor.default-dispatcher-17] [akka://root-node/user/workerId-4] Workernode created
2: [INFO] [12/17/2018 16:53:31.840] [root-node-akka.actor.default-dispatcher-18] [akka://root-node/user/workerId-5] Workernode created
2: [INFO] [12/17/2018 16:53:31.841] [root-node-akka.actor.default-dispatcher-20] [akka://root-node/user/workerId-7] Workernode created
1: [INFO] [12/17/2018 16:53:31.886] [root-node-akka.actor.default-dispatcher-19] [akka://root-node/user/workerId-6] Workernode created
1: [INFO] [12/17/2018 16:53:31.886] [root-node-akka.actor.default-dispatcher-17] [akka://root-node/user/workerId-4] Workernode created
1: [INFO] [12/17/2018 16:53:31.886] [root-node-akka.actor.default-dispatcher-15] [akka://root-node/user/workerId-2] Workernode created
1: [INFO] [12/17/2018 16:53:31.886] [root-node-akka.actor.default-dispatcher-18] [akka://root-node/user/workerId-5] Workernode created
1: [INFO] [12/17/2018 16:53:31.886] [root-node-akka.actor.default-dispatcher-2] [akka://root-node/user/workerId-1] Workernode created
1: [INFO] [12/17/2018 16:53:31.886] [root-node-akka.actor.default-dispatcher-21] [akka://root-node/user/workerId-7] Workernode created
1: [INFO] [12/17/2018 16:53:31.886] [root-node-akka.actor.default-dispatcher-4] [akka://root-node/user/workerId-0] Workernode created
1: [INFO] [12/17/2018 16:53:31.886] [root-node-akka.actor.default-dispatcher-16] [akka://root-node/user/workerId-3] Workernode created
3: [WARN] [12/17/2018 16:53:31.891] [root-node-akka.remote.default-remote-dispatcher-14] [akka.tcp://root-node@0.0.0.0:2553/system/endpointManager/reliableEndpointWriter-akka.tcp%3A%2F%2Froot-node%40node2%3A2552-0] Association with remote system [akka.tcp://root-node@node2:2552] has failed, address is now gated for [5000] ms. Reason: [Association failed with [akka.tcp://root-node@node2:2552]] Caused by: [java.net.UnknownHostException: node2: Name or service not known]
3: [INFO] [12/17/2018 16:53:31.896] [root-node-akka.actor.default-dispatcher-2] [akka://root-node/deadLetters] Message [WorkerNode$RegisterWorkerToHead] from Actor[akka://root-node/user/workerId-4#-186917083] to Actor[akka://root-node/deadLetters] was not delivered. [1] dead letters encountered. If this is not an expected behavior, then [Actor[akka://root-node/deadLetters]] may have terminated unexpectedly, This logging can be turned off or adjusted with configuration settings 'akka.log-dead-letters' and 'akka.log-dead-letters-during-shutdown'.
3: [INFO] [12/17/2018 16:53:31.896] [root-node-akka.actor.default-dispatcher-2] [akka://root-node/deadLetters] Message [WorkerNode$RegisterWorkerToHead] from Actor[akka://root-node/user/workerId-2#399967031] to Actor[akka://root-node/deadLetters] was not delivered. [2] dead letters encountered. If this is not an expected behavior, then [Actor[akka://root-node/deadLetters]] may have terminated unexpectedly, This logging can be turned off or adjusted with configuration settings 'akka.log-dead-letters' and 'akka.log-dead-letters-during-shutdown'.
3: [INFO] [12/17/2018 16:53:31.896] [root-node-akka.actor.default-dispatcher-2] [akka://root-node/deadLetters] Message [WorkerNode$RegisterWorkerToHead] from Actor[akka://root-node/user/workerId-5#-777599702] to Actor[akka://root-node/deadLetters] was not delivered. [3] dead letters encountered. If this is not an expected behavior, then [Actor[akka://root-node/deadLetters]] may have terminated unexpectedly, This logging can be turned off or adjusted with configuration settings 'akka.log-dead-letters' and 'akka.log-dead-letters-during-shutdown'.
3: [INFO] [12/17/2018 16:53:31.897] [root-node-akka.actor.default-dispatcher-2] [akka://root-node/deadLetters] Message [WorkerNode$RegisterWorkerToHead] from Actor[akka://root-node/user/workerId-1#84047917] to Actor[akka://root-node/deadLetters] was not delivered. [4] dead letters encountered. If this is not an expected behavior, then [Actor[akka://root-node/deadLetters]] may have terminated unexpectedly, This logging can be turned off or adjusted with configuration settings 'akka.log-dead-letters' and 'akka.log-dead-letters-during-shutdown'.
3: [INFO] [12/17/2018 16:53:31.897] [root-node-akka.actor.default-dispatcher-2] [akka://root-node/deadLetters] Message [WorkerNode$RegisterWorkerToHead] from Actor[akka://root-node/user/workerId-0#1479868312] to Actor[akka://root-node/deadLetters] was not delivered. [5] dead letters encountered. If this is not an expected behavior, then [Actor[akka://root-node/deadLetters]] may have terminated unexpectedly, This logging can be turned off or adjusted with configuration settings 'akka.log-dead-letters' and 'akka.log-dead-letters-during-shutdown'.
3: [INFO] [12/17/2018 16:53:31.897] [root-node-akka.actor.default-dispatcher-2] [akka://root-node/deadLetters] Message [WorkerNode$RegisterWorkerToHead] from Actor[akka://root-node/user/workerId-7#1219722418] to Actor[akka://root-node/deadLetters] was not delivered. [6] dead letters encountered. If this is not an expected behavior, then [Actor[akka://root-node/deadLetters]] may have terminated unexpectedly, This logging can be turned off or adjusted with configuration settings 'akka.log-dead-letters' and 'akka.log-dead-letters-during-shutdown'.
3: [INFO] [12/17/2018 16:53:31.897] [root-node-akka.actor.default-dispatcher-2] [akka://root-node/deadLetters] Message [WorkerNode$RegisterWorkerToHead] from Actor[akka://root-node/user/workerId-3#1451550193] to Actor[akka://root-node/deadLetters] was not delivered. [7] dead letters encountered. If this is not an expected behavior, then [Actor[akka://root-node/deadLetters]] may have terminated unexpectedly, This logging can be turned off or adjusted with configuration settings 'akka.log-dead-letters' and 'akka.log-dead-letters-during-shutdown'.
3: [INFO] [12/17/2018 16:53:31.897] [root-node-akka.actor.default-dispatcher-2] [akka://root-node/deadLetters] Message [WorkerNode$RegisterWorkerToHead] from Actor[akka://root-node/user/workerId-6#501268774] to Actor[akka://root-node/deadLetters] was not delivered. [8] dead letters encountered. If this is not an expected behavior, then [Actor[akka://root-node/deadLetters]] may have terminated unexpectedly, This logging can be turned off or adjusted with configuration settings 'akka.log-dead-letters' and 'akka.log-dead-letters-during-shutdown'.
2: [WARN] [12/17/2018 16:53:31.907] [root-node-akka.remote.default-remote-dispatcher-14] [akka.tcp://root-node@0.0.0.0:2553/system/endpointManager/reliableEndpointWriter-akka.tcp%3A%2F%2Froot-node%40node2%3A2552-0] Association with remote system [akka.tcp://root-node@node2:2552] has failed, address is now gated for [5000] ms. Reason: [Association failed with [akka.tcp://root-node@node2:2552]] Caused by: [java.net.UnknownHostException: node2: Name or service not known]
2: [INFO] [12/17/2018 16:53:31.914] [root-node-akka.actor.default-dispatcher-16] [akka://root-node/deadLetters] Message [WorkerNode$RegisterWorkerToHead] from Actor[akka://root-node/user/workerId-3#198475506] to Actor[akka://root-node/deadLetters] was not delivered. [1] dead letters encountered. If this is not an expected behavior, then [Actor[akka://root-node/deadLetters]] may have terminated unexpectedly, This logging can be turned off or adjusted with configuration settings 'akka.log-dead-letters' and 'akka.log-dead-letters-during-shutdown'.
2: [INFO] [12/17/2018 16:53:31.914] [root-node-akka.actor.default-dispatcher-16] [akka://root-node/deadLetters] Message [WorkerNode$RegisterWorkerToHead] from Actor[akka://root-node/user/workerId-7#215708245] to Actor[akka://root-node/deadLetters] was not delivered. [2] dead letters encountered. If this is not an expected behavior, then [Actor[akka://root-node/deadLetters]] may have terminated unexpectedly, This logging can be turned off or adjusted with configuration settings 'akka.log-dead-letters' and 'akka.log-dead-letters-during-shutdown'.
2: [INFO] [12/17/2018 16:53:31.914] [root-node-akka.actor.default-dispatcher-16] [akka://root-node/deadLetters] Message [WorkerNode$RegisterWorkerToHead] from Actor[akka://root-node/user/workerId-0#-1114232317] to Actor[akka://root-node/deadLetters] was not delivered. [3] dead letters encountered. If this is not an expected behavior, then [Actor[akka://root-node/deadLetters]] may have terminated unexpectedly, This logging can be turned off or adjusted with configuration settings 'akka.log-dead-letters' and 'akka.log-dead-letters-during-shutdown'.
2: [INFO] [12/17/2018 16:53:31.914] [root-node-akka.actor.default-dispatcher-16] [akka://root-node/deadLetters] Message [WorkerNode$RegisterWorkerToHead] from Actor[akka://root-node/user/workerId-4#-270125694] to Actor[akka://root-node/deadLetters] was not delivered. [4] dead letters encountered. If this is not an expected behavior, then [Actor[akka://root-node/deadLetters]] may have terminated unexpectedly, This logging can be turned off or adjusted with configuration settings 'akka.log-dead-letters' and 'akka.log-dead-letters-during-shutdown'.
2: [INFO] [12/17/2018 16:53:31.914] [root-node-akka.actor.default-dispatcher-16] [akka://root-node/deadLetters] Message [WorkerNode$RegisterWorkerToHead] from Actor[akka://root-node/user/workerId-2#1797282633] to Actor[akka://root-node/deadLetters] was not delivered. [5] dead letters encountered. If this is not an expected behavior, then [Actor[akka://root-node/deadLetters]] may have terminated unexpectedly, This logging can be turned off or adjusted with configuration settings 'akka.log-dead-letters' and 'akka.log-dead-letters-during-shutdown'.
2: [INFO] [12/17/2018 16:53:31.914] [root-node-akka.actor.default-dispatcher-16] [akka://root-node/deadLetters] Message [WorkerNode$RegisterWorkerToHead] from Actor[akka://root-node/user/workerId-6#-841291627] to Actor[akka://root-node/deadLetters] was not delivered. [6] dead letters encountered. If this is not an expected behavior, then [Actor[akka://root-node/deadLetters]] may have terminated unexpectedly, This logging can be turned off or adjusted with configuration settings 'akka.log-dead-letters' and 'akka.log-dead-letters-during-shutdown'.
2: [INFO] [12/17/2018 16:53:31.914] [root-node-akka.actor.default-dispatcher-16] [akka://root-node/deadLetters] Message [WorkerNode$RegisterWorkerToHead] from Actor[akka://root-node/user/workerId-1#-573419909] to Actor[akka://root-node/deadLetters] was not delivered. [7] dead letters encountered. If this is not an expected behavior, then [Actor[akka://root-node/deadLetters]] may have terminated unexpectedly, This logging can be turned off or adjusted with configuration settings 'akka.log-dead-letters' and 'akka.log-dead-letters-during-shutdown'.
2: [INFO] [12/17/2018 16:53:31.915] [root-node-akka.actor.default-dispatcher-16] [akka://root-node/deadLetters] Message [WorkerNode$RegisterWorkerToHead] from Actor[akka://root-node/user/workerId-5#787336342] to Actor[akka://root-node/deadLetters] was not delivered. [8] dead letters encountered. If this is not an expected behavior, then [Actor[akka://root-node/deadLetters]] may have terminated unexpectedly, This logging can be turned off or adjusted with configuration settings 'akka.log-dead-letters' and 'akka.log-dead-letters-during-shutdown'.
1: [WARN] [12/17/2018 16:53:31.948] [root-node-akka.remote.default-remote-dispatcher-14] [akka.tcp://root-node@0.0.0.0:2553/system/endpointManager/reliableEndpointWriter-akka.tcp%3A%2F%2Froot-node%40node2%3A2552-0] Association with remote system [akka.tcp://root-node@node2:2552] has failed, address is now gated for [5000] ms. Reason: [Association failed with [akka.tcp://root-node@node2:2552]] Caused by: [java.net.UnknownHostException: node2: Name or service not known]
1: [INFO] [12/17/2018 16:53:31.954] [root-node-akka.actor.default-dispatcher-15] [akka://root-node/deadLetters] Message [WorkerNode$RegisterWorkerToHead] from Actor[akka://root-node/user/workerId-1#-477643443] to Actor[akka://root-node/deadLetters] was not delivered. [1] dead letters encountered. If this is not an expected behavior, then [Actor[akka://root-node/deadLetters]] may have terminated unexpectedly, This logging can be turned off or adjusted with configuration settings 'akka.log-dead-letters' and 'akka.log-dead-letters-during-shutdown'.
1: [INFO] [12/17/2018 16:53:31.954] [root-node-akka.actor.default-dispatcher-15] [akka://root-node/deadLetters] Message [WorkerNode$RegisterWorkerToHead] from Actor[akka://root-node/user/workerId-3#2007659470] to Actor[akka://root-node/deadLetters] was not delivered. [2] dead letters encountered. If this is not an expected behavior, then [Actor[akka://root-node/deadLetters]] may have terminated unexpectedly, This logging can be turned off or adjusted with configuration settings 'akka.log-dead-letters' and 'akka.log-dead-letters-during-shutdown'.
1: [INFO] [12/17/2018 16:53:31.954] [root-node-akka.actor.default-dispatcher-15] [akka://root-node/deadLetters] Message [WorkerNode$RegisterWorkerToHead] from Actor[akka://root-node/user/workerId-5#1067970289] to Actor[akka://root-node/deadLetters] was not delivered. [3] dead letters encountered. If this is not an expected behavior, then [Actor[akka://root-node/deadLetters]] may have terminated unexpectedly, This logging can be turned off or adjusted with configuration settings 'akka.log-dead-letters' and 'akka.log-dead-letters-during-shutdown'.
1: [INFO] [12/17/2018 16:53:31.955] [root-node-akka.actor.default-dispatcher-15] [akka://root-node/deadLetters] Message [WorkerNode$RegisterWorkerToHead] from Actor[akka://root-node/user/workerId-7#1387302570] to Actor[akka://root-node/deadLetters] was not delivered. [4] dead letters encountered. If this is not an expected behavior, then [Actor[akka://root-node/deadLetters]] may have terminated unexpectedly, This logging can be turned off or adjusted with configuration settings 'akka.log-dead-letters' and 'akka.log-dead-letters-during-shutdown'.
1: [INFO] [12/17/2018 16:53:31.955] [root-node-akka.actor.default-dispatcher-15] [akka://root-node/deadLetters] Message [WorkerNode$RegisterWorkerToHead] from Actor[akka://root-node/user/workerId-4#497900302] to Actor[akka://root-node/deadLetters] was not delivered. [5] dead letters encountered. If this is not an expected behavior, then [Actor[akka://root-node/deadLetters]] may have terminated unexpectedly, This logging can be turned off or adjusted with configuration settings 'akka.log-dead-letters' and 'akka.log-dead-letters-during-shutdown'.
1: [INFO] [12/17/2018 16:53:31.955] [root-node-akka.actor.default-dispatcher-15] [akka://root-node/deadLetters] Message [WorkerNode$RegisterWorkerToHead] from Actor[akka://root-node/user/workerId-6#121198661] to Actor[akka://root-node/deadLetters] was not delivered. [6] dead letters encountered. If this is not an expected behavior, then [Actor[akka://root-node/deadLetters]] may have terminated unexpectedly, This logging can be turned off or adjusted with configuration settings 'akka.log-dead-letters' and 'akka.log-dead-letters-during-shutdown'.
1: [INFO] [12/17/2018 16:53:31.955] [root-node-akka.actor.default-dispatcher-15] [akka://root-node/deadLetters] Message [WorkerNode$RegisterWorkerToHead] from Actor[akka://root-node/user/workerId-2#-1602700469] to Actor[akka://root-node/deadLetters] was not delivered. [7] dead letters encountered. If this is not an expected behavior, then [Actor[akka://root-node/deadLetters]] may have terminated unexpectedly, This logging can be turned off or adjusted with configuration settings 'akka.log-dead-letters' and 'akka.log-dead-letters-during-shutdown'.
1: [INFO] [12/17/2018 16:53:31.955] [root-node-akka.actor.default-dispatcher-15] [akka://root-node/deadLetters] Message [WorkerNode$RegisterWorkerToHead] from Actor[akka://root-node/user/workerId-0#-947842327] to Actor[akka://root-node/deadLetters] was not delivered. [8] dead letters encountered. If this is not an expected behavior, then [Actor[akka://root-node/deadLetters]] may have terminated unexpectedly, This logging can be turned off or adjusted with configuration settings 'akka.log-dead-letters' and 'akka.log-dead-letters-during-shutdown'.
